2019-06-16 16:21:04 [org.mybatis.spring.mapper.ClassPathMapperScanner:239] - Skipping MapperFactoryBean with name 'areaMapper' and 'com.lphr.mapper.AreaMapper' mapperInterface. Bean already defined with the same name!
2019-06-16 16:21:04 [org.mybatis.spring.mapper.ClassPathMapperScanner:239] - Skipping MapperFactoryBean with name 'configMapper' and 'com.lphr.mapper.ConfigMapper' mapperInterface. Bean already defined with the same name!
2019-06-16 16:21:04 [org.mybatis.spring.mapper.ClassPathMapperScanner:239] - Skipping MapperFactoryBean with name 'enterpriseMapper' and 'com.lphr.mapper.EnterpriseMapper' mapperInterface. Bean already defined with the same name!
2019-06-16 16:21:04 [org.mybatis.spring.mapper.ClassPathMapperScanner:239] - Skipping MapperFactoryBean with name 'memberLevelMapper' and 'com.lphr.mapper.MemberLevelMapper' mapperInterface. Bean already defined with the same name!
2019-06-16 16:21:04 [org.mybatis.spring.mapper.ClassPathMapperScanner:239] - Skipping MapperFactoryBean with name 'memberMapper' and 'com.lphr.mapper.MemberMapper' mapperInterface. Bean already defined with the same name!
2019-06-16 16:21:04 [org.mybatis.spring.mapper.ClassPathMapperScanner:239] - Skipping MapperFactoryBean with name 'menuMapper' and 'com.lphr.mapper.MenuMapper' mapperInterface. Bean already defined with the same name!
2019-06-16 16:21:04 [org.mybatis.spring.mapper.ClassPathMapperScanner:239] - Skipping MapperFactoryBean with name 'menuRoleMapper' and 'com.lphr.mapper.MenuRoleMapper' mapperInterface. Bean already defined with the same name!
2019-06-16 16:21:04 [org.mybatis.spring.mapper.ClassPathMapperScanner:239] - Skipping MapperFactoryBean with name 'pointsChangeMapper' and 'com.lphr.mapper.PointsChangeMapper' mapperInterface. Bean already defined with the same name!
2019-06-16 16:21:04 [org.mybatis.spring.mapper.ClassPathMapperScanner:239] - Skipping MapperFactoryBean with name 'roleMapper' and 'com.lphr.mapper.RoleMapper' mapperInterface. Bean already defined with the same name!
2019-06-16 16:21:04 [org.mybatis.spring.mapper.ClassPathMapperScanner:239] - Skipping MapperFactoryBean with name 'shopEmployeeMapper' and 'com.lphr.mapper.ShopEmployeeMapper' mapperInterface. Bean already defined with the same name!
2019-06-16 16:21:04 [org.mybatis.spring.mapper.ClassPathMapperScanner:239] - Skipping MapperFactoryBean with name 'shopMapper' and 'com.lphr.mapper.ShopMapper' mapperInterface. Bean already defined with the same name!
2019-06-16 16:21:04 [org.mybatis.spring.mapper.ClassPathMapperScanner:239] - Skipping MapperFactoryBean with name 'userMapper' and 'com.lphr.mapper.UserMapper' mapperInterface. Bean already defined with the same name!
2019-06-16 16:21:04 [org.mybatis.spring.mapper.ClassPathMapperScanner:239] - Skipping MapperFactoryBean with name 'userRoleMapper' and 'com.lphr.mapper.UserRoleMapper' mapperInterface. Bean already defined with the same name!
2019-06-16 16:21:04 [org.mybatis.spring.mapper.ClassPathMapperScanner:166] - No MyBatis mapper was found in '[com.lphr]' package. Please check your configuration.
2019-06-16 16:25:44 [org.mybatis.spring.mapper.ClassPathMapperScanner:239] - Skipping MapperFactoryBean with name 'areaMapper' and 'com.lphr.mapper.AreaMapper' mapperInterface. Bean already defined with the same name!
2019-06-16 16:25:44 [org.mybatis.spring.mapper.ClassPathMapperScanner:239] - Skipping MapperFactoryBean with name 'configMapper' and 'com.lphr.mapper.ConfigMapper' mapperInterface. Bean already defined with the same name!
2019-06-16 16:25:44 [org.mybatis.spring.mapper.ClassPathMapperScanner:239] - Skipping MapperFactoryBean with name 'enterpriseMapper' and 'com.lphr.mapper.EnterpriseMapper' mapperInterface. Bean already defined with the same name!
2019-06-16 16:25:44 [org.mybatis.spring.mapper.ClassPathMapperScanner:239] - Skipping MapperFactoryBean with name 'memberLevelMapper' and 'com.lphr.mapper.MemberLevelMapper' mapperInterface. Bean already defined with the same name!
2019-06-16 16:25:44 [org.mybatis.spring.mapper.ClassPathMapperScanner:239] - Skipping MapperFactoryBean with name 'memberMapper' and 'com.lphr.mapper.MemberMapper' mapperInterface. Bean already defined with the same name!
2019-06-16 16:25:44 [org.mybatis.spring.mapper.ClassPathMapperScanner:239] - Skipping MapperFactoryBean with name 'menuMapper' and 'com.lphr.mapper.MenuMapper' mapperInterface. Bean already defined with the same name!
2019-06-16 16:25:44 [org.mybatis.spring.mapper.ClassPathMapperScanner:239] - Skipping MapperFactoryBean with name 'menuRoleMapper' and 'com.lphr.mapper.MenuRoleMapper' mapperInterface. Bean already defined with the same name!
2019-06-16 16:25:44 [org.mybatis.spring.mapper.ClassPathMapperScanner:239] - Skipping MapperFactoryBean with name 'pointsChangeMapper' and 'com.lphr.mapper.PointsChangeMapper' mapperInterface. Bean already defined with the same name!
2019-06-16 16:25:44 [org.mybatis.spring.mapper.ClassPathMapperScanner:239] - Skipping MapperFactoryBean with name 'roleMapper' and 'com.lphr.mapper.RoleMapper' mapperInterface. Bean already defined with the same name!
2019-06-16 16:25:44 [org.mybatis.spring.mapper.ClassPathMapperScanner:239] - Skipping MapperFactoryBean with name 'shopEmployeeMapper' and 'com.lphr.mapper.ShopEmployeeMapper' mapperInterface. Bean already defined with the same name!
2019-06-16 16:25:44 [org.mybatis.spring.mapper.ClassPathMapperScanner:239] - Skipping MapperFactoryBean with name 'shopMapper' and 'com.lphr.mapper.ShopMapper' mapperInterface. Bean already defined with the same name!
2019-06-16 16:25:44 [org.mybatis.spring.mapper.ClassPathMapperScanner:239] - Skipping MapperFactoryBean with name 'userMapper' and 'com.lphr.mapper.UserMapper' mapperInterface. Bean already defined with the same name!
2019-06-16 16:25:44 [org.mybatis.spring.mapper.ClassPathMapperScanner:239] - Skipping MapperFactoryBean with name 'userRoleMapper' and 'com.lphr.mapper.UserRoleMapper' mapperInterface. Bean already defined with the same name!
2019-06-16 16:25:44 [org.mybatis.spring.mapper.ClassPathMapperScanner:166] - No MyBatis mapper was found in '[com.lphr]' package. Please check your configuration.
2019-06-16 16:28:46 [org.mybatis.spring.mapper.ClassPathMapperScanner:239] - Skipping MapperFactoryBean with name 'areaMapper' and 'com.lphr.mapper.AreaMapper' mapperInterface. Bean already defined with the same name!
2019-06-16 16:28:46 [org.mybatis.spring.mapper.ClassPathMapperScanner:239] - Skipping MapperFactoryBean with name 'configMapper' and 'com.lphr.mapper.ConfigMapper' mapperInterface. Bean already defined with the same name!
2019-06-16 16:28:46 [org.mybatis.spring.mapper.ClassPathMapperScanner:239] - Skipping MapperFactoryBean with name 'enterpriseMapper' and 'com.lphr.mapper.EnterpriseMapper' mapperInterface. Bean already defined with the same name!
2019-06-16 16:28:46 [org.mybatis.spring.mapper.ClassPathMapperScanner:239] - Skipping MapperFactoryBean with name 'memberLevelMapper' and 'com.lphr.mapper.MemberLevelMapper' mapperInterface. Bean already defined with the same name!
2019-06-16 16:28:46 [org.mybatis.spring.mapper.ClassPathMapperScanner:239] - Skipping MapperFactoryBean with name 'memberMapper' and 'com.lphr.mapper.MemberMapper' mapperInterface. Bean already defined with the same name!
2019-06-16 16:28:46 [org.mybatis.spring.mapper.ClassPathMapperScanner:239] - Skipping MapperFactoryBean with name 'menuMapper' and 'com.lphr.mapper.MenuMapper' mapperInterface. Bean already defined with the same name!
2019-06-16 16:28:46 [org.mybatis.spring.mapper.ClassPathMapperScanner:239] - Skipping MapperFactoryBean with name 'menuRoleMapper' and 'com.lphr.mapper.MenuRoleMapper' mapperInterface. Bean already defined with the same name!
2019-06-16 16:28:46 [org.mybatis.spring.mapper.ClassPathMapperScanner:239] - Skipping MapperFactoryBean with name 'pointsChangeMapper' and 'com.lphr.mapper.PointsChangeMapper' mapperInterface. Bean already defined with the same name!
2019-06-16 16:28:46 [org.mybatis.spring.mapper.ClassPathMapperScanner:239] - Skipping MapperFactoryBean with name 'roleMapper' and 'com.lphr.mapper.RoleMapper' mapperInterface. Bean already defined with the same name!
2019-06-16 16:28:46 [org.mybatis.spring.mapper.ClassPathMapperScanner:239] - Skipping MapperFactoryBean with name 'shopEmployeeMapper' and 'com.lphr.mapper.ShopEmployeeMapper' mapperInterface. Bean already defined with the same name!
2019-06-16 16:28:46 [org.mybatis.spring.mapper.ClassPathMapperScanner:239] - Skipping MapperFactoryBean with name 'shopMapper' and 'com.lphr.mapper.ShopMapper' mapperInterface. Bean already defined with the same name!
2019-06-16 16:28:46 [org.mybatis.spring.mapper.ClassPathMapperScanner:239] - Skipping MapperFactoryBean with name 'userMapper' and 'com.lphr.mapper.UserMapper' mapperInterface. Bean already defined with the same name!
2019-06-16 16:28:46 [org.mybatis.spring.mapper.ClassPathMapperScanner:239] - Skipping MapperFactoryBean with name 'userRoleMapper' and 'com.lphr.mapper.UserRoleMapper' mapperInterface. Bean already defined with the same name!
2019-06-16 16:28:46 [org.mybatis.spring.mapper.ClassPathMapperScanner:166] - No MyBatis mapper was found in '[com.lphr]' package. Please check your configuration.
2019-06-16 16:35:07 [org.mybatis.spring.mapper.ClassPathMapperScanner:239] - Skipping MapperFactoryBean with name 'areaMapper' and 'com.lphr.mapper.AreaMapper' mapperInterface. Bean already defined with the same name!
2019-06-16 16:35:07 [org.mybatis.spring.mapper.ClassPathMapperScanner:239] - Skipping MapperFactoryBean with name 'configMapper' and 'com.lphr.mapper.ConfigMapper' mapperInterface. Bean already defined with the same name!
2019-06-16 16:35:07 [org.mybatis.spring.mapper.ClassPathMapperScanner:239] - Skipping MapperFactoryBean with name 'enterpriseMapper' and 'com.lphr.mapper.EnterpriseMapper' mapperInterface. Bean already defined with the same name!
2019-06-16 16:35:07 [org.mybatis.spring.mapper.ClassPathMapperScanner:239] - Skipping MapperFactoryBean with name 'memberLevelMapper' and 'com.lphr.mapper.MemberLevelMapper' mapperInterface. Bean already defined with the same name!
2019-06-16 16:35:07 [org.mybatis.spring.mapper.ClassPathMapperScanner:239] - Skipping MapperFactoryBean with name 'memberMapper' and 'com.lphr.mapper.MemberMapper' mapperInterface. Bean already defined with the same name!
2019-06-16 16:35:07 [org.mybatis.spring.mapper.ClassPathMapperScanner:239] - Skipping MapperFactoryBean with name 'menuMapper' and 'com.lphr.mapper.MenuMapper' mapperInterface. Bean already defined with the same name!
2019-06-16 16:35:07 [org.mybatis.spring.mapper.ClassPathMapperScanner:239] - Skipping MapperFactoryBean with name 'menuRoleMapper' and 'com.lphr.mapper.MenuRoleMapper' mapperInterface. Bean already defined with the same name!
2019-06-16 16:35:07 [org.mybatis.spring.mapper.ClassPathMapperScanner:239] - Skipping MapperFactoryBean with name 'pointsChangeMapper' and 'com.lphr.mapper.PointsChangeMapper' mapperInterface. Bean already defined with the same name!
2019-06-16 16:35:07 [org.mybatis.spring.mapper.ClassPathMapperScanner:239] - Skipping MapperFactoryBean with name 'roleMapper' and 'com.lphr.mapper.RoleMapper' mapperInterface. Bean already defined with the same name!
2019-06-16 16:35:07 [org.mybatis.spring.mapper.ClassPathMapperScanner:239] - Skipping MapperFactoryBean with name 'shopEmployeeMapper' and 'com.lphr.mapper.ShopEmployeeMapper' mapperInterface. Bean already defined with the same name!
2019-06-16 16:35:07 [org.mybatis.spring.mapper.ClassPathMapperScanner:239] - Skipping MapperFactoryBean with name 'shopMapper' and 'com.lphr.mapper.ShopMapper' mapperInterface. Bean already defined with the same name!
2019-06-16 16:35:07 [org.mybatis.spring.mapper.ClassPathMapperScanner:239] - Skipping MapperFactoryBean with name 'userMapper' and 'com.lphr.mapper.UserMapper' mapperInterface. Bean already defined with the same name!
2019-06-16 16:35:07 [org.mybatis.spring.mapper.ClassPathMapperScanner:239] - Skipping MapperFactoryBean with name 'userRoleMapper' and 'com.lphr.mapper.UserRoleMapper' mapperInterface. Bean already defined with the same name!
2019-06-16 16:35:07 [org.mybatis.spring.mapper.ClassPathMapperScanner:166] - No MyBatis mapper was found in '[com.lphr]' package. Please check your configuration.
2019-06-16 16:41:33 [org.mybatis.spring.mapper.ClassPathMapperScanner:239] - Skipping MapperFactoryBean with name 'areaMapper' and 'com.lphr.mapper.AreaMapper' mapperInterface. Bean already defined with the same name!
2019-06-16 16:41:33 [org.mybatis.spring.mapper.ClassPathMapperScanner:239] - Skipping MapperFactoryBean with name 'configMapper' and 'com.lphr.mapper.ConfigMapper' mapperInterface. Bean already defined with the same name!
2019-06-16 16:41:33 [org.mybatis.spring.mapper.ClassPathMapperScanner:239] - Skipping MapperFactoryBean with name 'enterpriseMapper' and 'com.lphr.mapper.EnterpriseMapper' mapperInterface. Bean already defined with the same name!
2019-06-16 16:41:33 [org.mybatis.spring.mapper.ClassPathMapperScanner:239] - Skipping MapperFactoryBean with name 'memberLevelMapper' and 'com.lphr.mapper.MemberLevelMapper' mapperInterface. Bean already defined with the same name!
2019-06-16 16:41:33 [org.mybatis.spring.mapper.ClassPathMapperScanner:239] - Skipping MapperFactoryBean with name 'memberMapper' and 'com.lphr.mapper.MemberMapper' mapperInterface. Bean already defined with the same name!
2019-06-16 16:41:33 [org.mybatis.spring.mapper.ClassPathMapperScanner:239] - Skipping MapperFactoryBean with name 'menuMapper' and 'com.lphr.mapper.MenuMapper' mapperInterface. Bean already defined with the same name!
2019-06-16 16:41:33 [org.mybatis.spring.mapper.ClassPathMapperScanner:239] - Skipping MapperFactoryBean with name 'menuRoleMapper' and 'com.lphr.mapper.MenuRoleMapper' mapperInterface. Bean already defined with the same name!
2019-06-16 16:41:33 [org.mybatis.spring.mapper.ClassPathMapperScanner:239] - Skipping MapperFactoryBean with name 'pointsChangeMapper' and 'com.lphr.mapper.PointsChangeMapper' mapperInterface. Bean already defined with the same name!
2019-06-16 16:41:33 [org.mybatis.spring.mapper.ClassPathMapperScanner:239] - Skipping MapperFactoryBean with name 'roleMapper' and 'com.lphr.mapper.RoleMapper' mapperInterface. Bean already defined with the same name!
2019-06-16 16:41:33 [org.mybatis.spring.mapper.ClassPathMapperScanner:239] - Skipping MapperFactoryBean with name 'shopEmployeeMapper' and 'com.lphr.mapper.ShopEmployeeMapper' mapperInterface. Bean already defined with the same name!
2019-06-16 16:41:33 [org.mybatis.spring.mapper.ClassPathMapperScanner:239] - Skipping MapperFactoryBean with name 'shopMapper' and 'com.lphr.mapper.ShopMapper' mapperInterface. Bean already defined with the same name!
2019-06-16 16:41:33 [org.mybatis.spring.mapper.ClassPathMapperScanner:239] - Skipping MapperFactoryBean with name 'userMapper' and 'com.lphr.mapper.UserMapper' mapperInterface. Bean already defined with the same name!
2019-06-16 16:41:33 [org.mybatis.spring.mapper.ClassPathMapperScanner:239] - Skipping MapperFactoryBean with name 'userRoleMapper' and 'com.lphr.mapper.UserRoleMapper' mapperInterface. Bean already defined with the same name!
2019-06-16 16:41:33 [org.mybatis.spring.mapper.ClassPathMapperScanner:166] - No MyBatis mapper was found in '[com.lphr]' package. Please check your configuration.
